Determining if the pthread_create exist failed with the following output:
Change Dir: /home/jin/Downloads/partVII/build/CMakeFiles/CMakeTmp

Run Build Command:"/usr/bin/make" "cmTC_765a3/fast"
/usr/bin/make -f CMakeFiles/cmTC_765a3.dir/build.make CMakeFiles/cmTC_765a3.dir/build
make[1]: Entering directory '/home/jin/Downloads/partVII/build/CMakeFiles/CMakeTmp'
Building C object CMakeFiles/cmTC_765a3.dir/CheckSymbolExists.c.o
/usr/bin/cc    -o CMakeFiles/cmTC_765a3.dir/CheckSymbolExists.c.o   -c /home/jin/Downloads/partVII/build/CMakeFiles/CMakeTmp/CheckSymbolExists.c
Linking C executable cmTC_765a3
/usr/local/bin/cmake -E cmake_link_script CMakeFiles/cmTC_765a3.dir/link.txt --verbose=1
/usr/bin/cc      -rdynamic CMakeFiles/cmTC_765a3.dir/CheckSymbolExists.c.o  -o cmTC_765a3 
CMakeFiles/cmTC_765a3.dir/CheckSymbolExists.c.o: In function `main':
CheckSymbolExists.c:(.text+0x16): undefined reference to `pthread_create'
collect2: error: ld returned 1 exit status
CMakeFiles/cmTC_765a3.dir/build.make:86: recipe for target 'cmTC_765a3' failed
make[1]: *** [cmTC_765a3] Error 1
make[1]: Leaving directory '/home/jin/Downloads/partVII/build/CMakeFiles/CMakeTmp'
Makefile:121: recipe for target 'cmTC_765a3/fast' failed
make: *** [cmTC_765a3/fast] Error 2

File /home/jin/Downloads/partVII/build/CMakeFiles/CMakeTmp/CheckSymbolExists.c:
/* */
#include <pthread.h>

int main(int argc, char** argv)
{
  (void)argv;
#ifndef pthread_create
  return ((int*)(&pthread_create))[argc];
#else
  (void)argc;
  return 0;
#endif
}

Determining if the function pthread_create exists in the pthreads failed with the following output:
Change Dir: /home/jin/Downloads/partVII/build/CMakeFiles/CMakeTmp

Run Build Command:"/usr/bin/make" "cmTC_ab7fa/fast"
/usr/bin/make -f CMakeFiles/cmTC_ab7fa.dir/build.make CMakeFiles/cmTC_ab7fa.dir/build
make[1]: Entering directory '/home/jin/Downloads/partVII/build/CMakeFiles/CMakeTmp'
Building C object CMakeFiles/cmTC_ab7fa.dir/CheckFunctionExists.c.o
/usr/bin/cc   -DCHECK_FUNCTION_EXISTS=pthread_create   -o CMakeFiles/cmTC_ab7fa.dir/CheckFunctionExists.c.o   -c /usr/local/share/cmake-3.13/Modules/CheckFunctionExists.c
Linking C executable cmTC_ab7fa
/usr/local/bin/cmake -E cmake_link_script CMakeFiles/cmTC_ab7fa.dir/link.txt --verbose=1
/usr/bin/cc  -DCHECK_FUNCTION_EXISTS=pthread_create    -rdynamic CMakeFiles/cmTC_ab7fa.dir/CheckFunctionExists.c.o  -o cmTC_ab7fa -lpthreads 
/usr/bin/ld: cannot find -lpthreads
collect2: error: ld returned 1 exit status
CMakeFiles/cmTC_ab7fa.dir/build.make:86: recipe for target 'cmTC_ab7fa' failed
make[1]: *** [cmTC_ab7fa] Error 1
make[1]: Leaving directory '/home/jin/Downloads/partVII/build/CMakeFiles/CMakeTmp'
Makefile:121: recipe for target 'cmTC_ab7fa/fast' failed
make: *** [cmTC_ab7fa/fast] Error 2


